1607363597061	geckodriver	INFO	Listening on 127.0.0.1:54520
1607363847191	geckodriver	INFO	Listening on 127.0.0.1:54544
1607364208692	geckodriver	INFO	Listening on 127.0.0.1:54703
1607364209708	mozrunner::runner	INFO	Running command: "/Applications/Firefox.app/Contents/MacOS/firefox-bin" "--marionette" "-headless" "-foreground" "-no-remote" "-profile" "/var/folders/l4/tw_t5fdd10ngkydpgxwj1xc80000gn/T/rust_mozprofile9yFmxh"
*** You are running in headless mode.
console.warn: SearchSettings: "get: No settings file exists, new profile?" (new Error("", "(unknown module)"))
1607364211520	Marionette	INFO	Listening on port 54714
1607364211563	Marionette	WARN	TLS certificate errors will be ignored for this session
JavaScript warning: https://pagead2.googlesyndication.com/bg/PbZvCEkorD5rxjWOexle1_regFmuc5-vrUA2zacPm4s.js line 1 > eval line 3501 > eval, line 1: WebGL warning: <Create>: Can't use WebGL in headless mode (https://bugzil.la/1375585).
JavaScript warning: https://pagead2.googlesyndication.com/bg/PbZvCEkorD5rxjWOexle1_regFmuc5-vrUA2zacPm4s.js line 1 > eval line 3501 > eval, line 1: Failed to create WebGL context: WebGL creation failed: 
* Can't use WebGL in headless mode (https://bugzil.la/1375585).
JavaScript warning: https://pagead2.googlesyndication.com/bg/UBVKjIgL52oAupqoau5bmS4QFq3D8gEqQe5TpWWG23I.js line 1 > eval line 2237 > eval, line 1: WebGL warning: <Create>: Can't use WebGL in headless mode (https://bugzil.la/1375585).
JavaScript warning: https://pagead2.googlesyndication.com/bg/UBVKjIgL52oAupqoau5bmS4QFq3D8gEqQe5TpWWG23I.js line 1 > eval line 2237 > eval, line 1: Failed to create WebGL context: WebGL creation failed: 
* Can't use WebGL in headless mode (https://bugzil.la/1375585).
Exiting due to channel error.
[GFX1-]: Receive IPC close with reason=AbnormalShutdown
Exiting due to channel error.
Exiting due to channel error.
1607364607180	geckodriver	INFO	Listening on 127.0.0.1:55083
1607364608190	mozrunner::runner	INFO	Running command: "/Applications/Firefox.app/Contents/MacOS/firefox-bin" "--marionette" "-headless" "-foreground" "-no-remote" "-profile" "/var/folders/l4/tw_t5fdd10ngkydpgxwj1xc80000gn/T/rust_mozprofileSc9EAL"
*** You are running in headless mode.
console.warn: SearchSettings: "get: No settings file exists, new profile?" (new Error("", "(unknown module)"))
1607364610005	Marionette	INFO	Listening on port 55094
1607364610046	Marionette	WARN	TLS certificate errors will be ignored for this session
JavaScript warning: https://pagead2.googlesyndication.com/bg/PbZvCEkorD5rxjWOexle1_regFmuc5-vrUA2zacPm4s.js line 1 > eval line 5527 > eval, line 1: WebGL warning: <Create>: Can't use WebGL in headless mode (https://bugzil.la/1375585).
JavaScript warning: https://pagead2.googlesyndication.com/bg/PbZvCEkorD5rxjWOexle1_regFmuc5-vrUA2zacPm4s.js line 1 > eval line 5527 > eval, line 1: Failed to create WebGL context: WebGL creation failed: 
* Can't use WebGL in headless mode (https://bugzil.la/1375585).
JavaScript warning: https://pagead2.googlesyndication.com/bg/UBVKjIgL52oAupqoau5bmS4QFq3D8gEqQe5TpWWG23I.js line 1 > eval line 1572 > eval, line 1: WebGL warning: <Create>: Can't use WebGL in headless mode (https://bugzil.la/1375585).
JavaScript warning: https://pagead2.googlesyndication.com/bg/UBVKjIgL52oAupqoau5bmS4QFq3D8gEqQe5TpWWG23I.js line 1 > eval line 1572 > eval, line 1: Failed to create WebGL context: WebGL creation failed: 
* Can't use WebGL in headless mode (https://bugzil.la/1375585).
Exiting due to channel error.
Exiting due to channel error.
Exiting due to channel error.
1607364824521	geckodriver	INFO	Listening on 127.0.0.1:55303
1607364825537	mozrunner::runner	INFO	Running command: "/Applications/Firefox.app/Contents/MacOS/firefox-bin" "--marionette" "-headless" "-foreground" "-no-remote" "-profile" "/var/folders/l4/tw_t5fdd10ngkydpgxwj1xc80000gn/T/rust_mozprofileb69UVb"
*** You are running in headless mode.
console.warn: SearchSettings: "get: No settings file exists, new profile?" (new Error("", "(unknown module)"))
1607364827281	Marionette	INFO	Listening on port 55314
1607364827382	Marionette	WARN	TLS certificate errors will be ignored for this session
JavaScript warning: https://pagead2.googlesyndication.com/bg/PbZvCEkorD5rxjWOexle1_regFmuc5-vrUA2zacPm4s.js line 1 > eval line 1558 > eval, line 1: WebGL warning: <Create>: Can't use WebGL in headless mode (https://bugzil.la/1375585).
JavaScript warning: https://pagead2.googlesyndication.com/bg/PbZvCEkorD5rxjWOexle1_regFmuc5-vrUA2zacPm4s.js line 1 > eval line 1558 > eval, line 1: Failed to create WebGL context: WebGL creation failed: 
* Can't use WebGL in headless mode (https://bugzil.la/1375585).
JavaScript warning: https://pagead2.googlesyndication.com/bg/PbZvCEkorD5rxjWOexle1_regFmuc5-vrUA2zacPm4s.js line 1 > eval line 3587 > eval, line 1: WebGL warning: <Create>: Can't use WebGL in headless mode (https://bugzil.la/1375585).
JavaScript warning: https://pagead2.googlesyndication.com/bg/PbZvCEkorD5rxjWOexle1_regFmuc5-vrUA2zacPm4s.js line 1 > eval line 3587 > eval, line 1: Failed to create WebGL context: WebGL creation failed: 
* Can't use WebGL in headless mode (https://bugzil.la/1375585).
Exiting due to channel error.
Exiting due to channel error.
[GFX1-]: Receive IPC close with reason=AbnormalShutdown
Exiting due to channel error.
1607364933052	geckodriver	INFO	Listening on 127.0.0.1:55498
1607364934065	mozrunner::runner	INFO	Running command: "/Applications/Firefox.app/Contents/MacOS/firefox-bin" "--marionette" "-headless" "-foreground" "-no-remote" "-profile" "/var/folders/l4/tw_t5fdd10ngkydpgxwj1xc80000gn/T/rust_mozprofilerl19dT"
*** You are running in headless mode.
console.warn: SearchSettings: "get: No settings file exists, new profile?" (new Error("", "(unknown module)"))
1607364935805	Marionette	INFO	Listening on port 55509
1607364935919	Marionette	WARN	TLS certificate errors will be ignored for this session
JavaScript warning: https://pagead2.googlesyndication.com/bg/UBVKjIgL52oAupqoau5bmS4QFq3D8gEqQe5TpWWG23I.js line 1 > eval line 6632 > eval, line 1: WebGL warning: <Create>: Can't use WebGL in headless mode (https://bugzil.la/1375585).
JavaScript warning: https://pagead2.googlesyndication.com/bg/UBVKjIgL52oAupqoau5bmS4QFq3D8gEqQe5TpWWG23I.js line 1 > eval line 6632 > eval, line 1: Failed to create WebGL context: WebGL creation failed: 
* Can't use WebGL in headless mode (https://bugzil.la/1375585).
JavaScript warning: https://pagead2.googlesyndication.com/bg/PbZvCEkorD5rxjWOexle1_regFmuc5-vrUA2zacPm4s.js line 1 > eval line 3024 > eval, line 1: WebGL warning: <Create>: Can't use WebGL in headless mode (https://bugzil.la/1375585).
JavaScript warning: https://pagead2.googlesyndication.com/bg/PbZvCEkorD5rxjWOexle1_regFmuc5-vrUA2zacPm4s.js line 1 > eval line 3024 > eval, line 1: Failed to create WebGL context: WebGL creation failed: 
* Can't use WebGL in headless mode (https://bugzil.la/1375585).
JavaScript warning: https://pagead2.googlesyndication.com/bg/PbZvCEkorD5rxjWOexle1_regFmuc5-vrUA2zacPm4s.js line 1 > eval line 4115 > eval, line 1: WebGL warning: <Create>: Can't use WebGL in headless mode (https://bugzil.la/1375585).
JavaScript warning: https://pagead2.googlesyndication.com/bg/PbZvCEkorD5rxjWOexle1_regFmuc5-vrUA2zacPm4s.js line 1 > eval line 4115 > eval, line 1: Failed to create WebGL context: WebGL creation failed: 
* Can't use WebGL in headless mode (https://bugzil.la/1375585).
Exiting due to channel error.
Exiting due to channel error.
[GFX1-]: Receive IPC close with reason=AbnormalShutdown
Exiting due to channel error.
1607365056543	geckodriver	INFO	Listening on 127.0.0.1:55737
1607365057560	mozrunner::runner	INFO	Running command: "/Applications/Firefox.app/Contents/MacOS/firefox-bin" "--marionette" "-headless" "-foreground" "-no-remote" "-profile" "/var/folders/l4/tw_t5fdd10ngkydpgxwj1xc80000gn/T/rust_mozprofileZyLUld"
*** You are running in headless mode.
console.warn: SearchSettings: "get: No settings file exists, new profile?" (new Error("", "(unknown module)"))
1607365059236	Marionette	INFO	Listening on port 55748
1607365059311	Marionette	WARN	TLS certificate errors will be ignored for this session
JavaScript warning: https://pagead2.googlesyndication.com/bg/PbZvCEkorD5rxjWOexle1_regFmuc5-vrUA2zacPm4s.js line 1 > eval line 4588 > eval line 1 > eval, line 1: WebGL warning: <Create>: Can't use WebGL in headless mode (https://bugzil.la/1375585).
JavaScript warning: https://pagead2.googlesyndication.com/bg/PbZvCEkorD5rxjWOexle1_regFmuc5-vrUA2zacPm4s.js line 1 > eval line 4588 > eval line 1 > eval, line 1: Failed to create WebGL context: WebGL creation failed: 
* Can't use WebGL in headless mode (https://bugzil.la/1375585).
JavaScript warning: https://pagead2.googlesyndication.com/bg/UBVKjIgL52oAupqoau5bmS4QFq3D8gEqQe5TpWWG23I.js line 1 > eval line 617 > eval line 1 > eval, line 1: WebGL warning: <Create>: Can't use WebGL in headless mode (https://bugzil.la/1375585).
JavaScript warning: https://pagead2.googlesyndication.com/bg/UBVKjIgL52oAupqoau5bmS4QFq3D8gEqQe5TpWWG23I.js line 1 > eval line 617 > eval line 1 > eval, line 1: Failed to create WebGL context: WebGL creation failed: 
* Can't use WebGL in headless mode (https://bugzil.la/1375585).
Exiting due to channel error.
[GFX1-]: Receive IPC close with reason=AbnormalShutdown
Exiting due to channel error.
[GFX1-]: Receive IPC close with reason=AbnormalShutdown
Exiting due to channel error.
1607561675594	geckodriver	INFO	Listening on 127.0.0.1:65062
1607561676608	mozrunner::runner	INFO	Running command: "/Applications/Firefox.app/Contents/MacOS/firefox-bin" "--marionette" "-headless" "-foreground" "-no-remote" "-profile" "/var/folders/l4/tw_t5fdd10ngkydpgxwj1xc80000gn/T/rust_mozprofile92SYES"
*** You are running in headless mode.
console.warn: SearchSettings: "get: No settings file exists, new profile?" (new Error("", "(unknown module)"))
1607561678506	Marionette	INFO	Listening on port 65073
1607561678569	Marionette	WARN	TLS certificate errors will be ignored for this session
Exiting due to channel error.
Exiting due to channel error.
Exiting due to channel error.
1607561753115	geckodriver	INFO	Listening on 127.0.0.1:65252
1607561754129	mozrunner::runner	INFO	Running command: "/Applications/Firefox.app/Contents/MacOS/firefox-bin" "--marionette" "-headless" "-foreground" "-no-remote" "-profile" "/var/folders/l4/tw_t5fdd10ngkydpgxwj1xc80000gn/T/rust_mozprofileAlddhA"
*** You are running in headless mode.
console.warn: SearchSettings: "get: No settings file exists, new profile?" (new Error("", "(unknown module)"))
1607561755793	Marionette	INFO	Listening on port 65267
1607561755892	Marionette	WARN	TLS certificate errors will be ignored for this session
Exiting due to channel error.
Exiting due to channel error.
Exiting due to channel error.
1607561860497	geckodriver	INFO	Listening on 127.0.0.1:49352
1607561861515	mozrunner::runner	INFO	Running command: "/Applications/Firefox.app/Contents/MacOS/firefox-bin" "--marionette" "-headless" "-foreground" "-no-remote" "-profile" "/var/folders/l4/tw_t5fdd10ngkydpgxwj1xc80000gn/T/rust_mozprofilerHXQgk"
*** You are running in headless mode.
console.warn: SearchSettings: "get: No settings file exists, new profile?" (new Error("", "(unknown module)"))
1607561863207	Marionette	INFO	Listening on port 49367
1607561863260	Marionette	WARN	TLS certificate errors will be ignored for this session
Exiting due to channel error.
[GFX1-]: Receive IPC close with reason=AbnormalShutdown
Exiting due to channel error.
Exiting due to channel error.
1607561920373	geckodriver	INFO	Listening on 127.0.0.1:49654
1607561921390	mozrunner::runner	INFO	Running command: "/Applications/Firefox.app/Contents/MacOS/firefox-bin" "--marionette" "-headless" "-foreground" "-no-remote" "-profile" "/var/folders/l4/tw_t5fdd10ngkydpgxwj1xc80000gn/T/rust_mozprofilebkQvRA"
*** You are running in headless mode.
console.warn: SearchSettings: "get: No settings file exists, new profile?" (new Error("", "(unknown module)"))
1607561923104	Marionette	INFO	Listening on port 49669
1607561923144	Marionette	WARN	TLS certificate errors will be ignored for this session
[GFX1-]: Receive IPC close with reason=AbnormalShutdown
Exiting due to channel error.
[GFX1-]: Receive IPC close with reason=AbnormalShutdown
Exiting due to channel error.
Exiting due to channel error.
1607561959124	geckodriver	INFO	Listening on 127.0.0.1:49868
1607561960138	mozrunner::runner	INFO	Running command: "/Applications/Firefox.app/Contents/MacOS/firefox-bin" "--marionette" "-headless" "-foreground" "-no-remote" "-profile" "/var/folders/l4/tw_t5fdd10ngkydpgxwj1xc80000gn/T/rust_mozprofilertmOne"
*** You are running in headless mode.
console.warn: SearchSettings: "get: No settings file exists, new profile?" (new Error("", "(unknown module)"))
1607561962142	Marionette	INFO	Listening on port 49883
1607561962203	Marionette	WARN	TLS certificate errors will be ignored for this session
Exiting due to channel error.
[GFX1-]: Receive IPC close with reason=AbnormalShutdown
Exiting due to channel error.
[GFX1-]: Receive IPC close with reason=AbnormalShutdown
Exiting due to channel error.
1607562046530	geckodriver	INFO	Listening on 127.0.0.1:50283
1607562047543	mozrunner::runner	INFO	Running command: "/Applications/Firefox.app/Contents/MacOS/firefox-bin" "--marionette" "-headless" "-foreground" "-no-remote" "-profile" "/var/folders/l4/tw_t5fdd10ngkydpgxwj1xc80000gn/T/rust_mozprofileUf7eYj"
*** You are running in headless mode.
console.warn: SearchSettings: "get: No settings file exists, new profile?" (new Error("", "(unknown module)"))
1607562049355	Marionette	INFO	Listening on port 50298
1607562049389	Marionette	WARN	TLS certificate errors will be ignored for this session
Exiting due to channel error.
[GFX1-]: Receive IPC close with reason=AbnormalShutdown
Exiting due to channel error.
Exiting due to channel error.
1607562249238	geckodriver	INFO	Listening on 127.0.0.1:51162
1607562250247	mozrunner::runner	INFO	Running command: "/Applications/Firefox.app/Contents/MacOS/firefox-bin" "--marionette" "-headless" "-foreground" "-no-remote" "-profile" "/var/folders/l4/tw_t5fdd10ngkydpgxwj1xc80000gn/T/rust_mozprofilev3ZhmC"
*** You are running in headless mode.
console.warn: SearchSettings: "get: No settings file exists, new profile?" (new Error("", "(unknown module)"))
1607562251970	Marionette	INFO	Listening on port 51177
1607562252005	Marionette	WARN	TLS certificate errors will be ignored for this session
Exiting due to channel error.
Exiting due to channel error.
Exiting due to channel error.
1607562296356	geckodriver	INFO	Listening on 127.0.0.1:51407
1607562297371	mozrunner::runner	INFO	Running command: "/Applications/Firefox.app/Contents/MacOS/firefox-bin" "--marionette" "-headless" "-foreground" "-no-remote" "-profile" "/var/folders/l4/tw_t5fdd10ngkydpgxwj1xc80000gn/T/rust_mozprofileRlFwN6"
*** You are running in headless mode.
console.warn: SearchSettings: "get: No settings file exists, new profile?" (new Error("", "(unknown module)"))
1607562299060	Marionette	INFO	Listening on port 51422
1607562299131	Marionette	WARN	TLS certificate errors will be ignored for this session
Exiting due to channel error.
[GFX1-]: Receive IPC close with reason=AbnormalShutdown
Exiting due to channel error.
[GFX1-]: Receive IPC close with reason=AbnormalShutdown
Exiting due to channel error.
1607562907986	geckodriver	INFO	Listening on 127.0.0.1:53936
1607562908996	mozrunner::runner	INFO	Running command: "/Applications/Firefox.app/Contents/MacOS/firefox-bin" "--marionette" "-headless" "-foreground" "-no-remote" "-profile" "/var/folders/l4/tw_t5fdd10ngkydpgxwj1xc80000gn/T/rust_mozprofileTtqwPk"
*** You are running in headless mode.
console.warn: SearchSettings: "get: No settings file exists, new profile?" (new Error("", "(unknown module)"))
1607562910680	Marionette	INFO	Listening on port 53951
1607562910739	Marionette	WARN	TLS certificate errors will be ignored for this session
1607562994708	geckodriver	INFO	Listening on 127.0.0.1:54343
1607562995725	mozrunner::runner	INFO	Running command: "/Applications/Firefox.app/Contents/MacOS/firefox-bin" "--marionette" "-headless" "-foreground" "-no-remote" "-profile" "/var/folders/l4/tw_t5fdd10ngkydpgxwj1xc80000gn/T/rust_mozprofileXGprWh"
*** You are running in headless mode.
console.warn: SearchSettings: "get: No settings file exists, new profile?" (new Error("", "(unknown module)"))
1607562997585	Marionette	INFO	Listening on port 54358
1607562997663	Marionette	WARN	TLS certificate errors will be ignored for this session
[GFX1-]: Receive IPC close with reason=AbnormalShutdown
Exiting due to channel error.
Exiting due to channel error.
Exiting due to channel error.
1607563219516	geckodriver	INFO	Listening on 127.0.0.1:55308
1607563220529	mozrunner::runner	INFO	Running command: "/Applications/Firefox.app/Contents/MacOS/firefox-bin" "--marionette" "-headless" "-foreground" "-no-remote" "-profile" "/var/folders/l4/tw_t5fdd10ngkydpgxwj1xc80000gn/T/rust_mozprofileyyahQc"
*** You are running in headless mode.
console.warn: SearchSettings: "get: No settings file exists, new profile?" (new Error("", "(unknown module)"))
1607563222262	Marionette	INFO	Listening on port 55323
1607563222382	Marionette	WARN	TLS certificate errors will be ignored for this session
Exiting due to channel error.
[GFX1-]: Receive IPC close with reason=AbnormalShutdown
Exiting due to channel error.
[GFX1-]: Receive IPC close with reason=AbnormalShutdown
Exiting due to channel error.
1607563687341	geckodriver	INFO	Listening on 127.0.0.1:57269
1607563688350	mozrunner::runner	INFO	Running command: "/Applications/Firefox.app/Contents/MacOS/firefox-bin" "--marionette" "-headless" "-foreground" "-no-remote" "-profile" "/var/folders/l4/tw_t5fdd10ngkydpgxwj1xc80000gn/T/rust_mozprofileYMLUVs"
*** You are running in headless mode.
console.warn: SearchSettings: "get: No settings file exists, new profile?" (new Error("", "(unknown module)"))
1607563690059	Marionette	INFO	Listening on port 57284
1607563690094	Marionette	WARN	TLS certificate errors will be ignored for this session
1607563743920	geckodriver	INFO	Listening on 127.0.0.1:57558
1607563744937	mozrunner::runner	INFO	Running command: "/Applications/Firefox.app/Contents/MacOS/firefox-bin" "--marionette" "-headless" "-foreground" "-no-remote" "-profile" "/var/folders/l4/tw_t5fdd10ngkydpgxwj1xc80000gn/T/rust_mozprofileCeZ9lf"
*** You are running in headless mode.
console.warn: SearchSettings: "get: No settings file exists, new profile?" (new Error("", "(unknown module)"))
1607563746691	Marionette	INFO	Listening on port 57573
1607563746796	Marionette	WARN	TLS certificate errors will be ignored for this session
1607563757813	geckodriver	INFO	Listening on 127.0.0.1:57675
1607563758826	mozrunner::runner	INFO	Running command: "/Applications/Firefox.app/Contents/MacOS/firefox-bin" "--marionette" "-headless" "-foreground" "-no-remote" "-profile" "/var/folders/l4/tw_t5fdd10ngkydpgxwj1xc80000gn/T/rust_mozprofileAOJW5T"
*** You are running in headless mode.
console.warn: SearchSettings: "get: No settings file exists, new profile?" (new Error("", "(unknown module)"))
1607563760604	Marionette	INFO	Listening on port 57690
1607563760678	Marionette	WARN	TLS certificate errors will be ignored for this session
1607563867112	geckodriver	INFO	Listening on 127.0.0.1:58198
1607563868123	mozrunner::runner	INFO	Running command: "/Applications/Firefox.app/Contents/MacOS/firefox-bin" "--marionette" "-headless" "-foreground" "-no-remote" "-profile" "/var/folders/l4/tw_t5fdd10ngkydpgxwj1xc80000gn/T/rust_mozprofile0oELLq"
*** You are running in headless mode.
console.warn: SearchSettings: "get: No settings file exists, new profile?" (new Error("", "(unknown module)"))
1607563869785	Marionette	INFO	Listening on port 58213
1607563869871	Marionette	WARN	TLS certificate errors will be ignored for this session
1607621472530	geckodriver	INFO	Listening on 127.0.0.1:62347
1607621473545	mozrunner::runner	INFO	Running command: "/Applications/Firefox.app/Contents/MacOS/firefox-bin" "--marionette" "-headless" "-foreground" "-no-remote" "-profile" "/var/folders/l4/tw_t5fdd10ngkydpgxwj1xc80000gn/T/rust_mozprofilemIetG7"
*** You are running in headless mode.
console.warn: SearchSettings: "get: No settings file exists, new profile?" (new Error("", "(unknown module)"))
1607621475662	Marionette	INFO	Listening on port 62358
1607621475695	Marionette	WARN	TLS certificate errors will be ignored for this session
Exiting due to channel error.
Exiting due to channel error.
Exiting due to channel error.
1607707602193	geckodriver	INFO	Listening on 127.0.0.1:63265
1607707602203	mozrunner::runner	INFO	Running command: "/Applications/Firefox.app/Contents/MacOS/firefox-bin" "--marionette" "-headless" "-foreground" "-no-remote" "-profile" "/var/folders/l4/tw_t5fdd10ngkydpgxwj1xc80000gn/T/rust_mozprofileA9QaLD"
*** You are running in headless mode.
console.warn: SearchSettings: "get: No settings file exists, new profile?" (new Error("", "(unknown module)"))
1607707604075	Marionette	INFO	Listening on port 63274
1607707604147	Marionette	WARN	TLS certificate errors will be ignored for this session
Exiting due to channel error.
Exiting due to channel error.
[GFX1-]: Receive IPC close with reason=AbnormalShutdown
Exiting due to channel error.
1607707631972	geckodriver	INFO	Listening on 127.0.0.1:63330
1607707632986	mozrunner::runner	INFO	Running command: "/Applications/Firefox.app/Contents/MacOS/firefox-bin" "--marionette" "-headless" "-foreground" "-no-remote" "-profile" "/var/folders/l4/tw_t5fdd10ngkydpgxwj1xc80000gn/T/rust_mozprofileeXmLJY"
*** You are running in headless mode.
console.warn: SearchSettings: "get: No settings file exists, new profile?" (new Error("", "(unknown module)"))
1607707634695	Marionette	INFO	Listening on port 63341
1607707634738	Marionette	WARN	TLS certificate errors will be ignored for this session
[GFX1-]: Receive IPC close with reason=AbnormalShutdown
Exiting due to channel error.
[GFX1-]: Receive IPC close with reason=AbnormalShutdown
Exiting due to channel error.
Exiting due to channel error.
1607707679595	geckodriver	INFO	Listening on 127.0.0.1:63389
1607707680612	mozrunner::runner	INFO	Running command: "/Applications/Firefox.app/Contents/MacOS/firefox-bin" "--marionette" "-headless" "-foreground" "-no-remote" "-profile" "/var/folders/l4/tw_t5fdd10ngkydpgxwj1xc80000gn/T/rust_mozprofile593gI1"
*** You are running in headless mode.
console.warn: SearchSettings: "get: No settings file exists, new profile?" (new Error("", "(unknown module)"))
1607707682286	Marionette	INFO	Listening on port 63400
1607707682374	Marionette	WARN	TLS certificate errors will be ignored for this session
Exiting due to channel error.
Exiting due to channel error.
Exiting due to channel error.
Exiting due to channel error.
Exiting due to channel error.
Exiting due to channel error.
Exiting due to channel error.
Exiting due to channel error.
Exiting due to channel error.
Exiting due to channel error.
Exiting due to channel error.
Exiting due to channel error.
Exiting due to channel error.
Exiting due to channel error.
Exiting due to channel error.
Exiting due to channel error.
Exiting due to channel error.
Exiting due to channel error.
1608005694686	geckodriver	INFO	Listening on 127.0.0.1:63178
1608005695699	mozrunner::runner	INFO	Running command: "/Applications/Firefox.app/Contents/MacOS/firefox-bin" "--marionette" "-headless" "-foreground" "-no-remote" "-profile" "/var/folders/l4/tw_t5fdd10ngkydpgxwj1xc80000gn/T/rust_mozprofilekSSJOt"
*** You are running in headless mode.
console.warn: SearchSettings: "get: No settings file exists, new profile?" (new Error("", "(unknown module)"))
1608005697449	Marionette	INFO	Listening on port 63189
1608005697542	Marionette	WARN	TLS certificate errors will be ignored for this session
[GFX1-]: Receive IPC close with reason=AbnormalShutdown
Exiting due to channel error.
Exiting due to channel error.
Exiting due to channel error.
1608005801941	geckodriver	INFO	Listening on 127.0.0.1:63248
1608005802958	mozrunner::runner	INFO	Running command: "/Applications/Firefox.app/Contents/MacOS/firefox-bin" "--marionette" "-headless" "-foreground" "-no-remote" "-profile" "/var/folders/l4/tw_t5fdd10ngkydpgxwj1xc80000gn/T/rust_mozprofilefb817a"
*** You are running in headless mode.
console.warn: SearchSettings: "get: No settings file exists, new profile?" (new Error("", "(unknown module)"))
1608005804649	Marionette	INFO	Listening on port 63259
1608005804694	Marionette	WARN	TLS certificate errors will be ignored for this session
Exiting due to channel error.
[GFX1-]: Receive IPC close with reason=AbnormalShutdown
Exiting due to channel error.
[GFX1-]: Receive IPC close with reason=AbnormalShutdown
Exiting due to channel error.
1608005971290	geckodriver	INFO	Listening on 127.0.0.1:63316
1608005972301	mozrunner::runner	INFO	Running command: "/Applications/Firefox.app/Contents/MacOS/firefox-bin" "--marionette" "-headless" "-foreground" "-no-remote" "-profile" "/var/folders/l4/tw_t5fdd10ngkydpgxwj1xc80000gn/T/rust_mozprofileyvUvj0"
*** You are running in headless mode.
console.warn: SearchSettings: "get: No settings file exists, new profile?" (new Error("", "(unknown module)"))
1608005973933	Marionette	INFO	Listening on port 63327
1608005974048	Marionette	WARN	TLS certificate errors will be ignored for this session
JavaScript warning: https://pagead2.googlesyndication.com/bg/PbZvCEkorD5rxjWOexle1_regFmuc5-vrUA2zacPm4s.js line 1 > eval line 3568 > eval, line 1: WebGL warning: <Create>: Can't use WebGL in headless mode (https://bugzil.la/1375585).
JavaScript warning: https://pagead2.googlesyndication.com/bg/PbZvCEkorD5rxjWOexle1_regFmuc5-vrUA2zacPm4s.js line 1 > eval line 3568 > eval, line 1: Failed to create WebGL context: WebGL creation failed: 
* Can't use WebGL in headless mode (https://bugzil.la/1375585).
Exiting due to channel error.
[GFX1-]: Receive IPC close with reason=AbnormalShutdown
Exiting due to channel error.
Exiting due to channel error.
1608006025899	geckodriver	INFO	Listening on 127.0.0.1:63457
1608006026911	mozrunner::runner	INFO	Running command: "/Applications/Firefox.app/Contents/MacOS/firefox-bin" "--marionette" "-headless" "-foreground" "-no-remote" "-profile" "/var/folders/l4/tw_t5fdd10ngkydpgxwj1xc80000gn/T/rust_mozprofile66kH7Q"
*** You are running in headless mode.
console.warn: SearchSettings: "get: No settings file exists, new profile?" (new Error("", "(unknown module)"))
1608006028690	Marionette	INFO	Listening on port 63468
1608006028752	Marionette	WARN	TLS certificate errors will be ignored for this session
JavaScript warning: https://pagead2.googlesyndication.com/bg/UBVKjIgL52oAupqoau5bmS4QFq3D8gEqQe5TpWWG23I.js line 1 > eval line 6672 > eval line 1 > eval, line 1: WebGL warning: <Create>: Can't use WebGL in headless mode (https://bugzil.la/1375585).
JavaScript warning: https://pagead2.googlesyndication.com/bg/UBVKjIgL52oAupqoau5bmS4QFq3D8gEqQe5TpWWG23I.js line 1 > eval line 6672 > eval line 1 > eval, line 1: Failed to create WebGL context: WebGL creation failed: 
* Can't use WebGL in headless mode (https://bugzil.la/1375585).
JavaScript warning: https://pagead2.googlesyndication.com/bg/UBVKjIgL52oAupqoau5bmS4QFq3D8gEqQe5TpWWG23I.js line 1 > eval line 7151 > eval line 1 > eval, line 1: WebGL warning: <Create>: Can't use WebGL in headless mode (https://bugzil.la/1375585).
JavaScript warning: https://pagead2.googlesyndication.com/bg/UBVKjIgL52oAupqoau5bmS4QFq3D8gEqQe5TpWWG23I.js line 1 > eval line 7151 > eval line 1 > eval, line 1: Failed to create WebGL context: WebGL creation failed: 
* Can't use WebGL in headless mode (https://bugzil.la/1375585).
JavaScript warning: https://pagead2.googlesyndication.com/bg/UBVKjIgL52oAupqoau5bmS4QFq3D8gEqQe5TpWWG23I.js line 1 > eval line 3575 > eval line 1 > eval, line 1: WebGL warning: <Create>: Can't use WebGL in headless mode (https://bugzil.la/1375585).
JavaScript warning: https://pagead2.googlesyndication.com/bg/UBVKjIgL52oAupqoau5bmS4QFq3D8gEqQe5TpWWG23I.js line 1 > eval line 3575 > eval line 1 > eval, line 1: Failed to create WebGL context: WebGL creation failed: 
* Can't use WebGL in headless mode (https://bugzil.la/1375585).
JavaScript warning: https://pagead2.googlesyndication.com/bg/UBVKjIgL52oAupqoau5bmS4QFq3D8gEqQe5TpWWG23I.js line 1 > eval line 1571 > eval line 1 > eval, line 1: WebGL warning: <Create>: Can't use WebGL in headless mode (https://bugzil.la/1375585).
JavaScript warning: https://pagead2.googlesyndication.com/bg/UBVKjIgL52oAupqoau5bmS4QFq3D8gEqQe5TpWWG23I.js line 1 > eval line 1571 > eval line 1 > eval, line 1: Failed to create WebGL context: WebGL creation failed: 
* Can't use WebGL in headless mode (https://bugzil.la/1375585).
JavaScript warning: https://pagead2.googlesyndication.com/bg/UBVKjIgL52oAupqoau5bmS4QFq3D8gEqQe5TpWWG23I.js line 1 > eval line 5274 > eval line 1 > eval, line 1: WebGL warning: <Create>: Can't use WebGL in headless mode (https://bugzil.la/1375585).
JavaScript warning: https://pagead2.googlesyndication.com/bg/UBVKjIgL52oAupqoau5bmS4QFq3D8gEqQe5TpWWG23I.js line 1 > eval line 5274 > eval line 1 > eval, line 1: Failed to create WebGL context: WebGL creation failed: 
* Can't use WebGL in headless mode (https://bugzil.la/1375585).
Exiting due to channel error.
Exiting due to channel error.
Exiting due to channel error.
1608006068927	geckodriver	INFO	Listening on 127.0.0.1:63646
1608006069944	mozrunner::runner	INFO	Running command: "/Applications/Firefox.app/Contents/MacOS/firefox-bin" "--marionette" "-headless" "-foreground" "-no-remote" "-profile" "/var/folders/l4/tw_t5fdd10ngkydpgxwj1xc80000gn/T/rust_mozprofile5rQXYd"
*** You are running in headless mode.
console.warn: SearchSettings: "get: No settings file exists, new profile?" (new Error("", "(unknown module)"))
1608006071626	Marionette	INFO	Listening on port 63657
1608006071711	Marionette	WARN	TLS certificate errors will be ignored for this session
JavaScript warning: https://pagead2.googlesyndication.com/bg/PbZvCEkorD5rxjWOexle1_regFmuc5-vrUA2zacPm4s.js line 1 > eval line 2802 > eval line 1 > eval, line 1: WebGL warning: <Create>: Can't use WebGL in headless mode (https://bugzil.la/1375585).
JavaScript warning: https://pagead2.googlesyndication.com/bg/PbZvCEkorD5rxjWOexle1_regFmuc5-vrUA2zacPm4s.js line 1 > eval line 2802 > eval line 1 > eval, line 1: Failed to create WebGL context: WebGL creation failed: 
* Can't use WebGL in headless mode (https://bugzil.la/1375585).
JavaScript warning: https://pagead2.googlesyndication.com/bg/PbZvCEkorD5rxjWOexle1_regFmuc5-vrUA2zacPm4s.js line 1 > eval line 6161 > eval, line 1: WebGL warning: <Create>: Can't use WebGL in headless mode (https://bugzil.la/1375585).
JavaScript warning: https://pagead2.googlesyndication.com/bg/PbZvCEkorD5rxjWOexle1_regFmuc5-vrUA2zacPm4s.js line 1 > eval line 6161 > eval, line 1: Failed to create WebGL context: WebGL creation failed: 
* Can't use WebGL in headless mode (https://bugzil.la/1375585).
JavaScript warning: https://pagead2.googlesyndication.com/bg/PbZvCEkorD5rxjWOexle1_regFmuc5-vrUA2zacPm4s.js line 1 > eval line 3507 > eval, line 1: WebGL warning: <Create>: Can't use WebGL in headless mode (https://bugzil.la/1375585).
JavaScript warning: https://pagead2.googlesyndication.com/bg/PbZvCEkorD5rxjWOexle1_regFmuc5-vrUA2zacPm4s.js line 1 > eval line 3507 > eval, line 1: Failed to create WebGL context: WebGL creation failed: 
* Can't use WebGL in headless mode (https://bugzil.la/1375585).
JavaScript warning: https://pagead2.googlesyndication.com/bg/UBVKjIgL52oAupqoau5bmS4QFq3D8gEqQe5TpWWG23I.js line 1 > eval line 6129 > eval, line 1: WebGL warning: <Create>: Can't use WebGL in headless mode (https://bugzil.la/1375585).
JavaScript warning: https://pagead2.googlesyndication.com/bg/UBVKjIgL52oAupqoau5bmS4QFq3D8gEqQe5TpWWG23I.js line 1 > eval line 6129 > eval, line 1: Failed to create WebGL context: WebGL creation failed: 
* Can't use WebGL in headless mode (https://bugzil.la/1375585).
JavaScript warning: https://pagead2.googlesyndication.com/bg/PbZvCEkorD5rxjWOexle1_regFmuc5-vrUA2zacPm4s.js line 1 > eval line 699 > eval, line 1: WebGL warning: <Create>: Can't use WebGL in headless mode (https://bugzil.la/1375585).
JavaScript warning: https://pagead2.googlesyndication.com/bg/PbZvCEkorD5rxjWOexle1_regFmuc5-vrUA2zacPm4s.js line 1 > eval line 699 > eval, line 1: Failed to create WebGL context: WebGL creation failed: 
* Can't use WebGL in headless mode (https://bugzil.la/1375585).
Exiting due to channel error.
Exiting due to channel error.
Exiting due to channel error.
1608006127671	geckodriver	INFO	Listening on 127.0.0.1:63815
1608006128682	mozrunner::runner	INFO	Running command: "/Applications/Firefox.app/Contents/MacOS/firefox-bin" "--marionette" "-headless" "-foreground" "-no-remote" "-profile" "/var/folders/l4/tw_t5fdd10ngkydpgxwj1xc80000gn/T/rust_mozprofile8NefsY"
*** You are running in headless mode.
console.warn: SearchSettings: "get: No settings file exists, new profile?" (new Error("", "(unknown module)"))
1608006130498	Marionette	INFO	Listening on port 63826
1608006130531	Marionette	WARN	TLS certificate errors will be ignored for this session
JavaScript warning: https://pagead2.googlesyndication.com/bg/UBVKjIgL52oAupqoau5bmS4QFq3D8gEqQe5TpWWG23I.js line 1 > eval line 2144 > eval, line 1: WebGL warning: <Create>: Can't use WebGL in headless mode (https://bugzil.la/1375585).
JavaScript warning: https://pagead2.googlesyndication.com/bg/UBVKjIgL52oAupqoau5bmS4QFq3D8gEqQe5TpWWG23I.js line 1 > eval line 2144 > eval, line 1: Failed to create WebGL context: WebGL creation failed: 
* Can't use WebGL in headless mode (https://bugzil.la/1375585).
JavaScript warning: https://pagead2.googlesyndication.com/bg/UBVKjIgL52oAupqoau5bmS4QFq3D8gEqQe5TpWWG23I.js line 1 > eval line 1548 > eval line 1 > eval, line 1: WebGL warning: <Create>: Can't use WebGL in headless mode (https://bugzil.la/1375585).
JavaScript warning: https://pagead2.googlesyndication.com/bg/UBVKjIgL52oAupqoau5bmS4QFq3D8gEqQe5TpWWG23I.js line 1 > eval line 1548 > eval line 1 > eval, line 1: Failed to create WebGL context: WebGL creation failed: 
* Can't use WebGL in headless mode (https://bugzil.la/1375585).
JavaScript warning: https://pagead2.googlesyndication.com/bg/PbZvCEkorD5rxjWOexle1_regFmuc5-vrUA2zacPm4s.js line 1 > eval line 1649 > eval line 1 > eval, line 1: WebGL warning: <Create>: Can't use WebGL in headless mode (https://bugzil.la/1375585).
JavaScript warning: https://pagead2.googlesyndication.com/bg/PbZvCEkorD5rxjWOexle1_regFmuc5-vrUA2zacPm4s.js line 1 > eval line 1649 > eval line 1 > eval, line 1: Failed to create WebGL context: WebGL creation failed: 
* Can't use WebGL in headless mode (https://bugzil.la/1375585).
JavaScript warning: https://pagead2.googlesyndication.com/bg/PbZvCEkorD5rxjWOexle1_regFmuc5-vrUA2zacPm4s.js line 1 > eval line 1272 > eval line 1 > eval, line 1: WebGL warning: <Create>: Can't use WebGL in headless mode (https://bugzil.la/1375585).
JavaScript warning: https://pagead2.googlesyndication.com/bg/PbZvCEkorD5rxjWOexle1_regFmuc5-vrUA2zacPm4s.js line 1 > eval line 1272 > eval line 1 > eval, line 1: Failed to create WebGL context: WebGL creation failed: 
* Can't use WebGL in headless mode (https://bugzil.la/1375585).
JavaScript warning: https://pagead2.googlesyndication.com/bg/UBVKjIgL52oAupqoau5bmS4QFq3D8gEqQe5TpWWG23I.js line 1 > eval line 898 > eval, line 1: WebGL warning: <Create>: Can't use WebGL in headless mode (https://bugzil.la/1375585).
JavaScript warning: https://pagead2.googlesyndication.com/bg/UBVKjIgL52oAupqoau5bmS4QFq3D8gEqQe5TpWWG23I.js line 1 > eval line 898 > eval, line 1: Failed to create WebGL context: WebGL creation failed: 
* Can't use WebGL in headless mode (https://bugzil.la/1375585).
Exiting due to channel error.
[GFX1-]: Receive IPC close with reason=AbnormalShutdown
Exiting due to channel error.
Exiting due to channel error.
1608006166799	geckodriver	INFO	Listening on 127.0.0.1:63992
1608006167816	mozrunner::runner	INFO	Running command: "/Applications/Firefox.app/Contents/MacOS/firefox-bin" "--marionette" "-headless" "-foreground" "-no-remote" "-profile" "/var/folders/l4/tw_t5fdd10ngkydpgxwj1xc80000gn/T/rust_mozprofileh2zUWH"
*** You are running in headless mode.
console.warn: SearchSettings: "get: No settings file exists, new profile?" (new Error("", "(unknown module)"))
1608006169515	Marionette	INFO	Listening on port 64003
1608006169563	Marionette	WARN	TLS certificate errors will be ignored for this session
JavaScript warning: https://pagead2.googlesyndication.com/bg/UBVKjIgL52oAupqoau5bmS4QFq3D8gEqQe5TpWWG23I.js line 1 > eval line 6716 > eval line 1 > eval, line 1: WebGL warning: <Create>: Can't use WebGL in headless mode (https://bugzil.la/1375585).
JavaScript warning: https://pagead2.googlesyndication.com/bg/UBVKjIgL52oAupqoau5bmS4QFq3D8gEqQe5TpWWG23I.js line 1 > eval line 6716 > eval line 1 > eval, line 1: Failed to create WebGL context: WebGL creation failed: 
* Can't use WebGL in headless mode (https://bugzil.la/1375585).
JavaScript warning: https://pagead2.googlesyndication.com/bg/PbZvCEkorD5rxjWOexle1_regFmuc5-vrUA2zacPm4s.js line 1 > eval line 3890 > eval line 1 > eval, line 1: WebGL warning: <Create>: Can't use WebGL in headless mode (https://bugzil.la/1375585).
JavaScript warning: https://pagead2.googlesyndication.com/bg/PbZvCEkorD5rxjWOexle1_regFmuc5-vrUA2zacPm4s.js line 1 > eval line 3890 > eval line 1 > eval, line 1: Failed to create WebGL context: WebGL creation failed: 
* Can't use WebGL in headless mode (https://bugzil.la/1375585).
JavaScript warning: https://pagead2.googlesyndication.com/bg/UBVKjIgL52oAupqoau5bmS4QFq3D8gEqQe5TpWWG23I.js line 1 > eval line 2105 > eval line 1 > eval, line 1: WebGL warning: <Create>: Can't use WebGL in headless mode (https://bugzil.la/1375585).
JavaScript warning: https://pagead2.googlesyndication.com/bg/UBVKjIgL52oAupqoau5bmS4QFq3D8gEqQe5TpWWG23I.js line 1 > eval line 2105 > eval line 1 > eval, line 1: Failed to create WebGL context: WebGL creation failed: 
* Can't use WebGL in headless mode (https://bugzil.la/1375585).
JavaScript warning: https://pagead2.googlesyndication.com/bg/PbZvCEkorD5rxjWOexle1_regFmuc5-vrUA2zacPm4s.js line 1 > eval line 7267 > eval, line 1: WebGL warning: <Create>: Can't use WebGL in headless mode (https://bugzil.la/1375585).
JavaScript warning: https://pagead2.googlesyndication.com/bg/PbZvCEkorD5rxjWOexle1_regFmuc5-vrUA2zacPm4s.js line 1 > eval line 7267 > eval, line 1: Failed to create WebGL context: WebGL creation failed: 
* Can't use WebGL in headless mode (https://bugzil.la/1375585).
Exiting due to channel error.
Exiting due to channel error.
Exiting due to channel error.
1608006291584	geckodriver	INFO	Listening on 127.0.0.1:64164
1608006292597	mozrunner::runner	INFO	Running command: "/Applications/Firefox.app/Contents/MacOS/firefox-bin" "--marionette" "-headless" "-foreground" "-no-remote" "-profile" "/var/folders/l4/tw_t5fdd10ngkydpgxwj1xc80000gn/T/rust_mozprofile339mvQ"
*** You are running in headless mode.
console.warn: SearchSettings: "get: No settings file exists, new profile?" (new Error("", "(unknown module)"))
1608006294245	Marionette	INFO	Listening on port 64175
1608006294365	Marionette	WARN	TLS certificate errors will be ignored for this session
JavaScript warning: https://pagead2.googlesyndication.com/bg/PbZvCEkorD5rxjWOexle1_regFmuc5-vrUA2zacPm4s.js line 1 > eval line 7134 > eval, line 1: WebGL warning: <Create>: Can't use WebGL in headless mode (https://bugzil.la/1375585).
JavaScript warning: https://pagead2.googlesyndication.com/bg/PbZvCEkorD5rxjWOexle1_regFmuc5-vrUA2zacPm4s.js line 1 > eval line 7134 > eval, line 1: Failed to create WebGL context: WebGL creation failed: 
* Can't use WebGL in headless mode (https://bugzil.la/1375585).
JavaScript warning: https://pagead2.googlesyndication.com/bg/UBVKjIgL52oAupqoau5bmS4QFq3D8gEqQe5TpWWG23I.js line 1 > eval line 5295 > eval line 1 > eval, line 1: WebGL warning: <Create>: Can't use WebGL in headless mode (https://bugzil.la/1375585).
JavaScript warning: https://pagead2.googlesyndication.com/bg/UBVKjIgL52oAupqoau5bmS4QFq3D8gEqQe5TpWWG23I.js line 1 > eval line 5295 > eval line 1 > eval, line 1: Failed to create WebGL context: WebGL creation failed: 
* Can't use WebGL in headless mode (https://bugzil.la/1375585).
JavaScript warning: https://pagead2.googlesyndication.com/bg/PbZvCEkorD5rxjWOexle1_regFmuc5-vrUA2zacPm4s.js line 1 > eval line 6554 > eval, line 1: WebGL warning: <Create>: Can't use WebGL in headless mode (https://bugzil.la/1375585).
JavaScript warning: https://pagead2.googlesyndication.com/bg/PbZvCEkorD5rxjWOexle1_regFmuc5-vrUA2zacPm4s.js line 1 > eval line 6554 > eval, line 1: Failed to create WebGL context: WebGL creation failed: 
* Can't use WebGL in headless mode (https://bugzil.la/1375585).
JavaScript warning: https://pagead2.googlesyndication.com/bg/PbZvCEkorD5rxjWOexle1_regFmuc5-vrUA2zacPm4s.js line 1 > eval line 1601 > eval, line 1: WebGL warning: <Create>: Can't use WebGL in headless mode (https://bugzil.la/1375585).
JavaScript warning: https://pagead2.googlesyndication.com/bg/PbZvCEkorD5rxjWOexle1_regFmuc5-vrUA2zacPm4s.js line 1 > eval line 1601 > eval, line 1: Failed to create WebGL context: WebGL creation failed: 
* Can't use WebGL in headless mode (https://bugzil.la/1375585).
Exiting due to channel error.
[GFX1-]: Receive IPC close with reason=AbnormalShutdown
Exiting due to channel error.
[GFX1-]: Receive IPC close with reason=AbnormalShutdown
Exiting due to channel error.
1608006397678	geckodriver	INFO	Listening on 127.0.0.1:64343
1608006398695	mozrunner::runner	INFO	Running command: "/Applications/Firefox.app/Contents/MacOS/firefox-bin" "--marionette" "-headless" "-foreground" "-no-remote" "-profile" "/var/folders/l4/tw_t5fdd10ngkydpgxwj1xc80000gn/T/rust_mozprofilezOyid3"
*** You are running in headless mode.
console.warn: SearchSettings: "get: No settings file exists, new profile?" (new Error("", "(unknown module)"))
1608006400460	Marionette	INFO	Listening on port 64354
1608006400558	Marionette	WARN	TLS certificate errors will be ignored for this session
JavaScript warning: https://pagead2.googlesyndication.com/bg/PbZvCEkorD5rxjWOexle1_regFmuc5-vrUA2zacPm4s.js line 1 > eval line 4376 > eval, line 1: WebGL warning: <Create>: Can't use WebGL in headless mode (https://bugzil.la/1375585).
JavaScript warning: https://pagead2.googlesyndication.com/bg/PbZvCEkorD5rxjWOexle1_regFmuc5-vrUA2zacPm4s.js line 1 > eval line 4376 > eval, line 1: Failed to create WebGL context: WebGL creation failed: 
* Can't use WebGL in headless mode (https://bugzil.la/1375585).
JavaScript warning: https://pagead2.googlesyndication.com/bg/UBVKjIgL52oAupqoau5bmS4QFq3D8gEqQe5TpWWG23I.js line 1 > eval line 5643 > eval line 1 > eval, line 1: WebGL warning: <Create>: Can't use WebGL in headless mode (https://bugzil.la/1375585).
JavaScript warning: https://pagead2.googlesyndication.com/bg/UBVKjIgL52oAupqoau5bmS4QFq3D8gEqQe5TpWWG23I.js line 1 > eval line 5643 > eval line 1 > eval, line 1: Failed to create WebGL context: WebGL creation failed: 
* Can't use WebGL in headless mode (https://bugzil.la/1375585).
JavaScript warning: https://pagead2.googlesyndication.com/bg/PbZvCEkorD5rxjWOexle1_regFmuc5-vrUA2zacPm4s.js line 1 > eval line 3518 > eval, line 1: WebGL warning: <Create>: Can't use WebGL in headless mode (https://bugzil.la/1375585).
JavaScript warning: https://pagead2.googlesyndication.com/bg/PbZvCEkorD5rxjWOexle1_regFmuc5-vrUA2zacPm4s.js line 1 > eval line 3518 > eval, line 1: Failed to create WebGL context: WebGL creation failed: 
* Can't use WebGL in headless mode (https://bugzil.la/1375585).
JavaScript warning: https://pagead2.googlesyndication.com/bg/PbZvCEkorD5rxjWOexle1_regFmuc5-vrUA2zacPm4s.js line 1 > eval line 6519 > eval, line 1: WebGL warning: <Create>: Can't use WebGL in headless mode (https://bugzil.la/1375585).
JavaScript warning: https://pagead2.googlesyndication.com/bg/PbZvCEkorD5rxjWOexle1_regFmuc5-vrUA2zacPm4s.js line 1 > eval line 6519 > eval, line 1: Failed to create WebGL context: WebGL creation failed: 
* Can't use WebGL in headless mode (https://bugzil.la/1375585).
JavaScript warning: https://pagead2.googlesyndication.com/bg/UBVKjIgL52oAupqoau5bmS4QFq3D8gEqQe5TpWWG23I.js line 1 > eval line 3444 > eval, line 1: WebGL warning: <Create>: Can't use WebGL in headless mode (https://bugzil.la/1375585).
JavaScript warning: https://pagead2.googlesyndication.com/bg/UBVKjIgL52oAupqoau5bmS4QFq3D8gEqQe5TpWWG23I.js line 1 > eval line 3444 > eval, line 1: Failed to create WebGL context: WebGL creation failed: 
* Can't use WebGL in headless mode (https://bugzil.la/1375585).
Exiting due to channel error.
Exiting due to channel error.
Exiting due to channel error.
1608006532806	geckodriver	INFO	Listening on 127.0.0.1:64519
1608006533819	mozrunner::runner	INFO	Running command: "/Applications/Firefox.app/Contents/MacOS/firefox-bin" "--marionette" "-headless" "-foreground" "-no-remote" "-profile" "/var/folders/l4/tw_t5fdd10ngkydpgxwj1xc80000gn/T/rust_mozprofilekW2pqq"
*** You are running in headless mode.
console.warn: SearchSettings: "get: No settings file exists, new profile?" (new Error("", "(unknown module)"))
1608006535575	Marionette	INFO	Listening on port 64530
1608006535659	Marionette	WARN	TLS certificate errors will be ignored for this session
JavaScript warning: https://pagead2.googlesyndication.com/bg/PbZvCEkorD5rxjWOexle1_regFmuc5-vrUA2zacPm4s.js line 1 > eval line 5639 > eval, line 1: WebGL warning: <Create>: Can't use WebGL in headless mode (https://bugzil.la/1375585).
JavaScript warning: https://pagead2.googlesyndication.com/bg/PbZvCEkorD5rxjWOexle1_regFmuc5-vrUA2zacPm4s.js line 1 > eval line 5639 > eval, line 1: Failed to create WebGL context: WebGL creation failed: 
* Can't use WebGL in headless mode (https://bugzil.la/1375585).
JavaScript warning: https://pagead2.googlesyndication.com/bg/PbZvCEkorD5rxjWOexle1_regFmuc5-vrUA2zacPm4s.js line 1 > eval line 1800 > eval, line 1: WebGL warning: <Create>: Can't use WebGL in headless mode (https://bugzil.la/1375585).
JavaScript warning: https://pagead2.googlesyndication.com/bg/PbZvCEkorD5rxjWOexle1_regFmuc5-vrUA2zacPm4s.js line 1 > eval line 1800 > eval, line 1: Failed to create WebGL context: WebGL creation failed: 
* Can't use WebGL in headless mode (https://bugzil.la/1375585).
JavaScript warning: https://pagead2.googlesyndication.com/bg/UBVKjIgL52oAupqoau5bmS4QFq3D8gEqQe5TpWWG23I.js line 1 > eval line 5384 > eval, line 1: WebGL warning: <Create>: Can't use WebGL in headless mode (https://bugzil.la/1375585).
JavaScript warning: https://pagead2.googlesyndication.com/bg/UBVKjIgL52oAupqoau5bmS4QFq3D8gEqQe5TpWWG23I.js line 1 > eval line 5384 > eval, line 1: Failed to create WebGL context: WebGL creation failed: 
* Can't use WebGL in headless mode (https://bugzil.la/1375585).
JavaScript warning: https://pagead2.googlesyndication.com/bg/PbZvCEkorD5rxjWOexle1_regFmuc5-vrUA2zacPm4s.js line 1 > eval line 6584 > eval, line 1: WebGL warning: <Create>: Can't use WebGL in headless mode (https://bugzil.la/1375585).
JavaScript warning: https://pagead2.googlesyndication.com/bg/PbZvCEkorD5rxjWOexle1_regFmuc5-vrUA2zacPm4s.js line 1 > eval line 6584 > eval, line 1: Failed to create WebGL context: WebGL creation failed: 
* Can't use WebGL in headless mode (https://bugzil.la/1375585).
JavaScript warning: https://pagead2.googlesyndication.com/bg/PbZvCEkorD5rxjWOexle1_regFmuc5-vrUA2zacPm4s.js line 1 > eval line 1966 > eval line 1 > eval, line 1: WebGL warning: <Create>: Can't use WebGL in headless mode (https://bugzil.la/1375585).
JavaScript warning: https://pagead2.googlesyndication.com/bg/PbZvCEkorD5rxjWOexle1_regFmuc5-vrUA2zacPm4s.js line 1 > eval line 1966 > eval line 1 > eval, line 1: Failed to create WebGL context: WebGL creation failed: 
* Can't use WebGL in headless mode (https://bugzil.la/1375585).
[GFX1-]: Receive IPC close with reason=AbnormalShutdown
Exiting due to channel error.
[GFX1-]: Receive IPC close with reason=AbnormalShutdown
Exiting due to channel error.
[GFX1-]: Receive IPC close with reason=AbnormalShutdown
Exiting due to channel error.
1608006631959	geckodriver	INFO	Listening on 127.0.0.1:64689
1608006632976	mozrunner::runner	INFO	Running command: "/Applications/Firefox.app/Contents/MacOS/firefox-bin" "--marionette" "-headless" "-foreground" "-no-remote" "-profile" "/var/folders/l4/tw_t5fdd10ngkydpgxwj1xc80000gn/T/rust_mozprofilemtgy9q"
*** You are running in headless mode.
console.warn: SearchSettings: "get: No settings file exists, new profile?" (new Error("", "(unknown module)"))
1608006634798	Marionette	INFO	Listening on port 64700
1608006634836	Marionette	WARN	TLS certificate errors will be ignored for this session
JavaScript warning: https://pagead2.googlesyndication.com/bg/UBVKjIgL52oAupqoau5bmS4QFq3D8gEqQe5TpWWG23I.js line 1 > eval line 177 > eval line 1 > eval, line 1: WebGL warning: <Create>: Can't use WebGL in headless mode (https://bugzil.la/1375585).
JavaScript warning: https://pagead2.googlesyndication.com/bg/UBVKjIgL52oAupqoau5bmS4QFq3D8gEqQe5TpWWG23I.js line 1 > eval line 177 > eval line 1 > eval, line 1: Failed to create WebGL context: WebGL creation failed: 
* Can't use WebGL in headless mode (https://bugzil.la/1375585).
JavaScript warning: https://pagead2.googlesyndication.com/bg/PbZvCEkorD5rxjWOexle1_regFmuc5-vrUA2zacPm4s.js line 1 > eval line 7660 > eval, line 1: WebGL warning: <Create>: Can't use WebGL in headless mode (https://bugzil.la/1375585).
JavaScript warning: https://pagead2.googlesyndication.com/bg/PbZvCEkorD5rxjWOexle1_regFmuc5-vrUA2zacPm4s.js line 1 > eval line 7660 > eval, line 1: Failed to create WebGL context: WebGL creation failed: 
* Can't use WebGL in headless mode (https://bugzil.la/1375585).
JavaScript warning: https://pagead2.googlesyndication.com/bg/PbZvCEkorD5rxjWOexle1_regFmuc5-vrUA2zacPm4s.js line 1 > eval line 6418 > eval line 1 > eval, line 1: WebGL warning: <Create>: Can't use WebGL in headless mode (https://bugzil.la/1375585).
JavaScript warning: https://pagead2.googlesyndication.com/bg/PbZvCEkorD5rxjWOexle1_regFmuc5-vrUA2zacPm4s.js line 1 > eval line 6418 > eval line 1 > eval, line 1: Failed to create WebGL context: WebGL creation failed: 
* Can't use WebGL in headless mode (https://bugzil.la/1375585).
JavaScript warning: https://pagead2.googlesyndication.com/bg/PbZvCEkorD5rxjWOexle1_regFmuc5-vrUA2zacPm4s.js line 1 > eval line 2204 > eval, line 1: WebGL warning: <Create>: Can't use WebGL in headless mode (https://bugzil.la/1375585).
JavaScript warning: https://pagead2.googlesyndication.com/bg/PbZvCEkorD5rxjWOexle1_regFmuc5-vrUA2zacPm4s.js line 1 > eval line 2204 > eval, line 1: Failed to create WebGL context: WebGL creation failed: 
* Can't use WebGL in headless mode (https://bugzil.la/1375585).
JavaScript warning: https://pagead2.googlesyndication.com/bg/UBVKjIgL52oAupqoau5bmS4QFq3D8gEqQe5TpWWG23I.js line 1 > eval line 2586 > eval, line 1: WebGL warning: <Create>: Can't use WebGL in headless mode (https://bugzil.la/1375585).
JavaScript warning: https://pagead2.googlesyndication.com/bg/UBVKjIgL52oAupqoau5bmS4QFq3D8gEqQe5TpWWG23I.js line 1 > eval line 2586 > eval, line 1: Failed to create WebGL context: WebGL creation failed: 
* Can't use WebGL in headless mode (https://bugzil.la/1375585).
Exiting due to channel error.
Exiting due to channel error.
Exiting due to channel error.
1608007067768	geckodriver	INFO	Listening on 127.0.0.1:64872
1608007068784	mozrunner::runner	INFO	Running command: "/Applications/Firefox.app/Contents/MacOS/firefox-bin" "--marionette" "-headless" "-foreground" "-no-remote" "-profile" "/var/folders/l4/tw_t5fdd10ngkydpgxwj1xc80000gn/T/rust_mozprofileR0c97r"
*** You are running in headless mode.
console.warn: SearchSettings: "get: No settings file exists, new profile?" (new Error("", "(unknown module)"))
1608007070522	Marionette	INFO	Listening on port 64883
1608007070555	Marionette	WARN	TLS certificate errors will be ignored for this session
JavaScript warning: https://pagead2.googlesyndication.com/bg/UBVKjIgL52oAupqoau5bmS4QFq3D8gEqQe5TpWWG23I.js line 1 > eval line 6716 > eval, line 1: WebGL warning: <Create>: Can't use WebGL in headless mode (https://bugzil.la/1375585).
JavaScript warning: https://pagead2.googlesyndication.com/bg/UBVKjIgL52oAupqoau5bmS4QFq3D8gEqQe5TpWWG23I.js line 1 > eval line 6716 > eval, line 1: Failed to create WebGL context: WebGL creation failed: 
* Can't use WebGL in headless mode (https://bugzil.la/1375585).
JavaScript warning: https://pagead2.googlesyndication.com/bg/UBVKjIgL52oAupqoau5bmS4QFq3D8gEqQe5TpWWG23I.js line 1 > eval line 1174 > eval, line 1: WebGL warning: <Create>: Can't use WebGL in headless mode (https://bugzil.la/1375585).
JavaScript warning: https://pagead2.googlesyndication.com/bg/UBVKjIgL52oAupqoau5bmS4QFq3D8gEqQe5TpWWG23I.js line 1 > eval line 1174 > eval, line 1: Failed to create WebGL context: WebGL creation failed: 
* Can't use WebGL in headless mode (https://bugzil.la/1375585).
JavaScript warning: https://pagead2.googlesyndication.com/bg/PbZvCEkorD5rxjWOexle1_regFmuc5-vrUA2zacPm4s.js line 1 > eval line 7647 > eval line 1 > eval, line 1: WebGL warning: <Create>: Can't use WebGL in headless mode (https://bugzil.la/1375585).
JavaScript warning: https://pagead2.googlesyndication.com/bg/PbZvCEkorD5rxjWOexle1_regFmuc5-vrUA2zacPm4s.js line 1 > eval line 7647 > eval line 1 > eval, line 1: Failed to create WebGL context: WebGL creation failed: 
* Can't use WebGL in headless mode (https://bugzil.la/1375585).
JavaScript warning: https://pagead2.googlesyndication.com/bg/UBVKjIgL52oAupqoau5bmS4QFq3D8gEqQe5TpWWG23I.js line 1 > eval line 7281 > eval line 1 > eval, line 1: WebGL warning: <Create>: Can't use WebGL in headless mode (https://bugzil.la/1375585).
JavaScript warning: https://pagead2.googlesyndication.com/bg/UBVKjIgL52oAupqoau5bmS4QFq3D8gEqQe5TpWWG23I.js line 1 > eval line 7281 > eval line 1 > eval, line 1: Failed to create WebGL context: WebGL creation failed: 
* Can't use WebGL in headless mode (https://bugzil.la/1375585).
JavaScript warning: https://pagead2.googlesyndication.com/bg/PbZvCEkorD5rxjWOexle1_regFmuc5-vrUA2zacPm4s.js line 1 > eval line 7568 > eval line 1 > eval, line 1: WebGL warning: <Create>: Can't use WebGL in headless mode (https://bugzil.la/1375585).
JavaScript warning: https://pagead2.googlesyndication.com/bg/PbZvCEkorD5rxjWOexle1_regFmuc5-vrUA2zacPm4s.js line 1 > eval line 7568 > eval line 1 > eval, line 1: Failed to create WebGL context: WebGL creation failed: 
* Can't use WebGL in headless mode (https://bugzil.la/1375585).
JavaScript warning: https://pagead2.googlesyndication.com/bg/PbZvCEkorD5rxjWOexle1_regFmuc5-vrUA2zacPm4s.js line 1 > eval line 2912 > eval line 1 > eval, line 1: WebGL warning: <Create>: Can't use WebGL in headless mode (https://bugzil.la/1375585).
JavaScript warning: https://pagead2.googlesyndication.com/bg/PbZvCEkorD5rxjWOexle1_regFmuc5-vrUA2zacPm4s.js line 1 > eval line 2912 > eval line 1 > eval, line 1: Failed to create WebGL context: WebGL creation failed: 
* Can't use WebGL in headless mode (https://bugzil.la/1375585).
[GFX1-]: Receive IPC close with reason=AbnormalShutdown
Exiting due to channel error.
Exiting due to channel error.
Exiting due to channel error.
1608007216023	geckodriver	INFO	Listening on 127.0.0.1:65098
1608007217034	mozrunner::runner	INFO	Running command: "/Applications/Firefox.app/Contents/MacOS/firefox-bin" "--marionette" "-headless" "-foreground" "-no-remote" "-profile" "/var/folders/l4/tw_t5fdd10ngkydpgxwj1xc80000gn/T/rust_mozprofileoyOQAc"
*** You are running in headless mode.
console.warn: SearchSettings: "get: No settings file exists, new profile?" (new Error("", "(unknown module)"))
1608007218855	Marionette	INFO	Listening on port 65109
1608007218905	Marionette	WARN	TLS certificate errors will be ignored for this session
JavaScript warning: https://pagead2.googlesyndication.com/bg/PbZvCEkorD5rxjWOexle1_regFmuc5-vrUA2zacPm4s.js line 1 > eval line 7798 > eval line 1 > eval, line 1: WebGL warning: <Create>: Can't use WebGL in headless mode (https://bugzil.la/1375585).
JavaScript warning: https://pagead2.googlesyndication.com/bg/PbZvCEkorD5rxjWOexle1_regFmuc5-vrUA2zacPm4s.js line 1 > eval line 7798 > eval line 1 > eval, line 1: Failed to create WebGL context: WebGL creation failed: 
* Can't use WebGL in headless mode (https://bugzil.la/1375585).
JavaScript warning: https://pagead2.googlesyndication.com/bg/UBVKjIgL52oAupqoau5bmS4QFq3D8gEqQe5TpWWG23I.js line 1 > eval line 3979 > eval line 1 > eval, line 1: WebGL warning: <Create>: Can't use WebGL in headless mode (https://bugzil.la/1375585).
JavaScript warning: https://pagead2.googlesyndication.com/bg/UBVKjIgL52oAupqoau5bmS4QFq3D8gEqQe5TpWWG23I.js line 1 > eval line 3979 > eval line 1 > eval, line 1: Failed to create WebGL context: WebGL creation failed: 
* Can't use WebGL in headless mode (https://bugzil.la/1375585).
JavaScript warning: https://pagead2.googlesyndication.com/bg/UBVKjIgL52oAupqoau5bmS4QFq3D8gEqQe5TpWWG23I.js line 1 > eval line 2176 > eval, line 1: WebGL warning: <Create>: Can't use WebGL in headless mode (https://bugzil.la/1375585).
JavaScript warning: https://pagead2.googlesyndication.com/bg/UBVKjIgL52oAupqoau5bmS4QFq3D8gEqQe5TpWWG23I.js line 1 > eval line 2176 > eval, line 1: Failed to create WebGL context: WebGL creation failed: 
* Can't use WebGL in headless mode (https://bugzil.la/1375585).
JavaScript warning: https://pagead2.googlesyndication.com/bg/UBVKjIgL52oAupqoau5bmS4QFq3D8gEqQe5TpWWG23I.js line 1 > eval line 3964 > eval, line 1: WebGL warning: <Create>: Can't use WebGL in headless mode (https://bugzil.la/1375585).
JavaScript warning: https://pagead2.googlesyndication.com/bg/UBVKjIgL52oAupqoau5bmS4QFq3D8gEqQe5TpWWG23I.js line 1 > eval line 3964 > eval, line 1: Failed to create WebGL context: WebGL creation failed: 
* Can't use WebGL in headless mode (https://bugzil.la/1375585).
Exiting due to channel error.
Exiting due to channel error.
Exiting due to channel error.
